<?xml version="1.0" encoding="UTF-8"?>
<testsuite time='0.054358' skipped='0' failures='3' errors='0' name="Refinements::Date Refinement" assertions='4' tests='4' timestamp="2022-05-26T16:07:14-07:00">
  <testcase time='0.008014' file="test/hammerstone/models/conditions/refinement_test.rb" name="test_0004_can control clauses" assertions='1'>
  </testcase>
  <testcase time='0.013068' file="test/hammerstone/models/conditions/refinement_test.rb" name="test_0002_can set attribute as string shorthand" assertions='1'>
    <failure type='Minitest::Assertion' message="--- expected&#13;&#10;+++ actual&#13;&#10;@@ -1 +1 @@&#13;&#10;-&quot;SELECT \\&quot;hammerstone_contacts\\&quot;.* FROM \\&quot;hammerstone_contacts\\&quot; WHERE (\\&quot;hammerstone_contacts\\&quot;.\\&quot;id\\&quot; IN (SELECT \\&quot;hammerstone_events\\&quot;.\\&quot;hammerstone_contact_id\\&quot; FROM \\&quot;hammerstone_events\\&quot; WHERE (\\&quot;hammerstone_events\\&quot;.\\&quot;type\\&quot; = &#39;Networking Event&#39;) AND (\\&quot;hammerstone_events\\&quot;.\\&quot;clicked_on\\&quot; BETWEEN &#39;2021-01-01 00:00:00&#39; AND &#39;2021-02-01 23:59:59.999999&#39;)))&quot;&#13;&#10;+&quot;SELECT `hammerstone_contacts`.* FROM `hammerstone_contacts` WHERE (`hammerstone_contacts`.`id` IN (SELECT `hammerstone_events`.`hammerstone_contact_id` FROM `hammerstone_events` WHERE (`hammerstone_events`.`type` = &#39;Networking Event&#39;) AND (`hammerstone_events`.`clicked_on` BETWEEN &#39;2021-01-01 00:00:00&#39; AND &#39;2021-02-01 23:59:59.999999&#39;)))&quot;&#13;&#10;">/Users/colleenschnettler/Documents/Documents/Developer/Hammerstone/refine-rails/test/hammerstone/models/conditions/refinement_test.rb:61:in `block (3 levels) in &lt;module:Conditions&gt;&#39;
    </failure>
  </testcase>
  <testcase time='0.011603' file="test/hammerstone/models/conditions/refinement_test.rb" name="test_0003_defaults to created at - enable date shorthand in PHP" assertions='1'>
    <failure type='Minitest::Assertion' message="--- expected&#13;&#10;+++ actual&#13;&#10;@@ -1 +1 @@&#13;&#10;-&quot;SELECT \\&quot;hammerstone_contacts\\&quot;.* FROM \\&quot;hammerstone_contacts\\&quot; WHERE (\\&quot;hammerstone_contacts\\&quot;.\\&quot;id\\&quot; IN (SELECT \\&quot;hammerstone_events\\&quot;.\\&quot;hammerstone_contact_id\\&quot; FROM \\&quot;hammerstone_events\\&quot; WHERE (\\&quot;hammerstone_events\\&quot;.\\&quot;type\\&quot; = &#39;Networking Event&#39;) AND (\\&quot;hammerstone_events\\&quot;.\\&quot;created_at\\&quot; BETWEEN &#39;2021-01-01 00:00:00&#39; AND &#39;2021-02-01 23:59:59.999999&#39;)))&quot;&#13;&#10;+&quot;SELECT `hammerstone_contacts`.* FROM `hammerstone_contacts` WHERE (`hammerstone_contacts`.`id` IN (SELECT `hammerstone_events`.`hammerstone_contact_id` FROM `hammerstone_events` WHERE (`hammerstone_events`.`type` = &#39;Networking Event&#39;) AND (`hammerstone_events`.`created_at` BETWEEN &#39;2021-01-01 00:00:00&#39; AND &#39;2021-02-01 23:59:59.999999&#39;)))&quot;&#13;&#10;">/Users/colleenschnettler/Documents/Documents/Developer/Hammerstone/refine-rails/test/hammerstone/models/conditions/refinement_test.rb:85:in `block (3 levels) in &lt;module:Conditions&gt;&#39;
    </failure>
  </testcase>
  <testcase time='0.021673' file="test/hammerstone/models/conditions/refinement_test.rb" name="test_0001_can set attribute as fully qualified condition" assertions='1'>
    <failure type='Minitest::Assertion' message="--- expected&#13;&#10;+++ actual&#13;&#10;@@ -1 +1 @@&#13;&#10;-&quot;SELECT \\&quot;hammerstone_contacts\\&quot;.* FROM \\&quot;hammerstone_contacts\\&quot; WHERE (\\&quot;hammerstone_contacts\\&quot;.\\&quot;id\\&quot; IN (SELECT \\&quot;hammerstone_events\\&quot;.\\&quot;hammerstone_contact_id\\&quot; FROM \\&quot;hammerstone_events\\&quot; WHERE (\\&quot;hammerstone_events\\&quot;.\\&quot;type\\&quot; = &#39;Networking Event&#39;) AND (\\&quot;hammerstone_events\\&quot;.\\&quot;clicked_on\\&quot; BETWEEN &#39;2021-01-01 00:00:00&#39; AND &#39;2021-02-01 23:59:59.999999&#39;)))&quot;&#13;&#10;+&quot;SELECT `hammerstone_contacts`.* FROM `hammerstone_contacts` WHERE (`hammerstone_contacts`.`id` IN (SELECT `hammerstone_events`.`hammerstone_contact_id` FROM `hammerstone_events` WHERE (`hammerstone_events`.`type` = &#39;Networking Event&#39;) AND (`hammerstone_events`.`clicked_on` BETWEEN &#39;2021-01-01 00:00:00&#39; AND &#39;2021-02-01 23:59:59.999999&#39;)))&quot;&#13;&#10;">/Users/colleenschnettler/Documents/Documents/Developer/Hammerstone/refine-rails/test/hammerstone/models/conditions/refinement_test.rb:39:in `block (3 levels) in &lt;module:Conditions&gt;&#39;
    </failure>
  </testcase>
</testsuite>
