<?xml version="1.0" encoding="UTF-8"?>
<testsuite time='0.096237' skipped='0' failures='3' errors='0' name="Has Many Test" assertions='3' tests='3' timestamp="2022-05-26T16:07:14-07:00">
  <testcase time='0.064212' file="test/hammerstone/models/relationship_attributes/has_many_test.rb" name="test_0001_uses where in for has many users" assertions='1'>
    <failure type='Minitest::Assertion' message="--- expected&#13;&#10;+++ actual&#13;&#10;@@ -1 +1 @@&#13;&#10;-&quot;SELECT \\&quot;hmt_users\\&quot;.* FROM \\&quot;hmt_users\\&quot; WHERE (\\&quot;hmt_users\\&quot;.\\&quot;id\\&quot; IN (SELECT \\&quot;hmt_invoices\\&quot;.\\&quot;hmt_user_id\\&quot; FROM \\&quot;hmt_invoices\\&quot; WHERE (\\&quot;hmt_invoices\\&quot;.\\&quot;amount\\&quot; = 1)))&quot;&#13;&#10;+&quot;SELECT `hmt_users`.* FROM `hmt_users` WHERE (`hmt_users`.`id` IN (SELECT `hmt_invoices`.`hmt_user_id` FROM `hmt_invoices` WHERE (`hmt_invoices`.`amount` = 1)))&quot;&#13;&#10;">/Users/colleenschnettler/Documents/Documents/Developer/Hammerstone/refine-rails/test/hammerstone/models/relationship_attributes/has_many_test.rb:23:in `block (2 levels) in &lt;module:Conditions&gt;&#39;
    </failure>
  </testcase>
  <testcase time='0.015475' file="test/hammerstone/models/relationship_attributes/has_many_test.rb" name="test_0002_does not collapse two attributes on a has_many" assertions='1'>
    <failure type='Minitest::Assertion' message="--- expected&#13;&#10;+++ actual&#13;&#10;@@ -1 +1 @@&#13;&#10;-&quot;SELECT \\&quot;hmt_users\\&quot;.* FROM \\&quot;hmt_users\\&quot; WHERE ((\\&quot;hmt_users\\&quot;.\\&quot;id\\&quot; IN (SELECT \\&quot;hmt_invoices\\&quot;.\\&quot;hmt_user_id\\&quot; FROM \\&quot;hmt_invoices\\&quot; WHERE (\\&quot;hmt_invoices\\&quot;.\\&quot;amount\\&quot; &gt; 1))) AND (\\&quot;hmt_users\\&quot;.\\&quot;id\\&quot; IN (SELECT \\&quot;hmt_invoices\\&quot;.\\&quot;hmt_user_id\\&quot; FROM \\&quot;hmt_invoices\\&quot; WHERE (\\&quot;hmt_invoices\\&quot;.\\&quot;amount\\&quot; &lt; 10))))&quot;&#13;&#10;+&quot;SELECT `hmt_users`.* FROM `hmt_users` WHERE ((`hmt_users`.`id` IN (SELECT `hmt_invoices`.`hmt_user_id` FROM `hmt_invoices` WHERE (`hmt_invoices`.`amount` &gt; 1))) AND (`hmt_users`.`id` IN (SELECT `hmt_invoices`.`hmt_user_id` FROM `hmt_invoices` WHERE (`hmt_invoices`.`amount` &lt; 10))))&quot;&#13;&#10;">/Users/colleenschnettler/Documents/Documents/Developer/Hammerstone/refine-rails/test/hammerstone/models/relationship_attributes/has_many_test.rb:37:in `block (2 levels) in &lt;module:Conditions&gt;&#39;
    </failure>
  </testcase>
  <testcase time='0.016550' file="test/hammerstone/models/relationship_attributes/has_many_test.rb" name="test_0003_can handle deeply nested has many relationships" assertions='1'>
    <failure type='Minitest::Assertion' message="--- expected&#13;&#10;+++ actual&#13;&#10;@@ -1 +1 @@&#13;&#10;-&quot;SELECT \\&quot;hmt_users\\&quot;.* FROM \\&quot;hmt_users\\&quot; WHERE (\\&quot;hmt_users\\&quot;.\\&quot;id\\&quot; IN (SELECT \\&quot;hmt_invoices\\&quot;.\\&quot;hmt_user_id\\&quot; FROM \\&quot;hmt_invoices\\&quot; WHERE \\&quot;hmt_invoices\\&quot;.\\&quot;id\\&quot; IN (SELECT \\&quot;hmt_notes\\&quot;.\\&quot;hmt_invoice_id\\&quot; FROM \\&quot;hmt_notes\\&quot; WHERE (\\&quot;hmt_notes\\&quot;.\\&quot;body\\&quot; LIKE &#39;%foo%&#39;))))&quot;&#13;&#10;+&quot;SELECT `hmt_users`.* FROM `hmt_users` WHERE (`hmt_users`.`id` IN (SELECT `hmt_invoices`.`hmt_user_id` FROM `hmt_invoices` WHERE `hmt_invoices`.`id` IN (SELECT `hmt_notes`.`hmt_invoice_id` FROM `hmt_notes` WHERE (`hmt_notes`.`body` LIKE &#39;%foo%&#39;))))&quot;&#13;&#10;">/Users/colleenschnettler/Documents/Documents/Developer/Hammerstone/refine-rails/test/hammerstone/models/relationship_attributes/has_many_test.rb:50:in `block (2 levels) in &lt;module:Conditions&gt;&#39;
    </failure>
  </testcase>
</testsuite>
