<?xml version="1.0" encoding="UTF-8"?>
<testsuite time='0.049457' skipped='0' failures='4' errors='0' name="Hammerstone::Refine::Conditions::OptionCondition::Clause Equals" assertions='4' tests='4' timestamp="2022-05-26T16:07:14-07:00">
  <testcase time='0.009313' file="test/hammerstone/models/conditions/option_condition_test.rb" name="test_0001_correctly executes with one condition" assertions='1'>
    <failure type='Minitest::Assertion' message="--- expected&#13;&#10;+++ actual&#13;&#10;@@ -1 +1 @@&#13;&#10;-&quot;SELECT \\&quot;o\\&quot;.* FROM \\&quot;o\\&quot; WHERE (\\&quot;o\\&quot;.\\&quot;option_test\\&quot; = &#39;option_1&#39;)&quot;&#13;&#10;+&quot;SELECT `o`.* FROM `o` WHERE (`o`.`option_test` = &#39;option_1&#39;)&quot;&#13;&#10;">/Users/colleenschnettler/Documents/Documents/Developer/Hammerstone/refine-rails/test/hammerstone/models/conditions/option_condition_test.rb:41:in `block (3 levels) in &lt;module:Conditions&gt;&#39;
    </failure>
  </testcase>
  <testcase time='0.013232' file="test/hammerstone/models/conditions/option_condition_test.rb" name="test_0003_handles nil condition" assertions='1'>
    <failure type='Minitest::Assertion' message="--- expected&#13;&#10;+++ actual&#13;&#10;@@ -1 +1 @@&#13;&#10;-&quot;SELECT \\&quot;o\\&quot;.* FROM \\&quot;o\\&quot; WHERE (\\&quot;o\\&quot;.\\&quot;option_test\\&quot; IS NULL)&quot;&#13;&#10;+&quot;SELECT `o`.* FROM `o` WHERE (`o`.`option_test` IS NULL)&quot;&#13;&#10;">/Users/colleenschnettler/Documents/Documents/Developer/Hammerstone/refine-rails/test/hammerstone/models/conditions/option_condition_test.rb:57:in `block (3 levels) in &lt;module:Conditions&gt;&#39;
    </failure>
  </testcase>
  <testcase time='0.014172' file="test/hammerstone/models/conditions/option_condition_test.rb" name="test_0004_handles special conditions" assertions='1'>
    <failure type='Minitest::Assertion' message="--- expected&#13;&#10;+++ actual&#13;&#10;@@ -1 +1 @@&#13;&#10;-&quot;SELECT \\&quot;o\\&quot;.* FROM \\&quot;o\\&quot; WHERE (\\&quot;o\\&quot;.\\&quot;option_test\\&quot; = &#39;3&#39;)&quot;&#13;&#10;+&quot;SELECT `o`.* FROM `o` WHERE (`o`.`option_test` = &#39;3&#39;)&quot;&#13;&#10;">/Users/colleenschnettler/Documents/Documents/Developer/Hammerstone/refine-rails/test/hammerstone/models/conditions/option_condition_test.rb:65:in `block (3 levels) in &lt;module:Conditions&gt;&#39;
    </failure>
  </testcase>
  <testcase time='0.012740' file="test/hammerstone/models/conditions/option_condition_test.rb" name="test_0002_defaults to first condition if 2 are passed in" assertions='1'>
    <failure type='Minitest::Assertion' message="--- expected&#13;&#10;+++ actual&#13;&#10;@@ -1 +1 @@&#13;&#10;-&quot;SELECT \\&quot;o\\&quot;.* FROM \\&quot;o\\&quot; WHERE (\\&quot;o\\&quot;.\\&quot;option_test\\&quot; = &#39;option_1&#39;)&quot;&#13;&#10;+&quot;SELECT `o`.* FROM `o` WHERE (`o`.`option_test` = &#39;option_1&#39;)&quot;&#13;&#10;">/Users/colleenschnettler/Documents/Documents/Developer/Hammerstone/refine-rails/test/hammerstone/models/conditions/option_condition_test.rb:49:in `block (3 levels) in &lt;module:Conditions&gt;&#39;
    </failure>
  </testcase>
</testsuite>
