<?xml version="1.0" encoding="UTF-8"?>
<testsuite time='0.065433' skipped='0' failures='6' errors='0' name="Hammerstone::Refine::Conditions::DateCondition::clause application::Relative dates with modifiers" assertions='6' tests='6' timestamp="2022-05-26T16:07:14-07:00">
  <testcase time='0.009073' file="test/hammerstone/models/conditions/date_condition_test.rb" name="test_0005_correctly executes clause less than 3 days ago" assertions='1'>
    <failure type='Minitest::Assertion' message="--- expected&#13;&#10;+++ actual&#13;&#10;@@ -1 +1 @@&#13;&#10;-&quot;SELECT \\&quot;t\\&quot;.* FROM \\&quot;t\\&quot; WHERE (\\&quot;t\\&quot;.\\&quot;date_to_test\\&quot; &gt; &#39;2019-05-12&#39;)&quot;&#13;&#10;+&quot;SELECT `t`.* FROM `t` WHERE (`t`.`date_to_test` &gt; &#39;2019-05-12&#39;)&quot;&#13;&#10;">/Users/colleenschnettler/Documents/Documents/Developer/Hammerstone/refine-rails/test/hammerstone/models/conditions/date_condition_test.rb:103:in `block (4 levels) in &lt;module:Conditions&gt;&#39;
    </failure>
  </testcase>
  <testcase time='0.007579' file="test/hammerstone/models/conditions/date_condition_test.rb" name="test_0006_correctly executes clause less than 3 days from now" assertions='1'>
    <failure type='Minitest::Assertion' message="--- expected&#13;&#10;+++ actual&#13;&#10;@@ -1 +1 @@&#13;&#10;-&quot;SELECT \\&quot;t\\&quot;.* FROM \\&quot;t\\&quot; WHERE (\\&quot;t\\&quot;.\\&quot;date_to_test\\&quot; &lt; &#39;2019-05-18&#39;)&quot;&#13;&#10;+&quot;SELECT `t`.* FROM `t` WHERE (`t`.`date_to_test` &lt; &#39;2019-05-18&#39;)&quot;&#13;&#10;">/Users/colleenschnettler/Documents/Documents/Developer/Hammerstone/refine-rails/test/hammerstone/models/conditions/date_condition_test.rb:111:in `block (4 levels) in &lt;module:Conditions&gt;&#39;
    </failure>
  </testcase>
  <testcase time='0.009543' file="test/hammerstone/models/conditions/date_condition_test.rb" name="test_0002_correctly executes clause greater than 3 days from now" assertions='1'>
    <failure type='Minitest::Assertion' message="--- expected&#13;&#10;+++ actual&#13;&#10;@@ -1 +1 @@&#13;&#10;-&quot;SELECT \\&quot;t\\&quot;.* FROM \\&quot;t\\&quot; WHERE (\\&quot;t\\&quot;.\\&quot;date_to_test\\&quot; &gt; &#39;2019-05-18&#39;)&quot;&#13;&#10;+&quot;SELECT `t`.* FROM `t` WHERE (`t`.`date_to_test` &gt; &#39;2019-05-18&#39;)&quot;&#13;&#10;">/Users/colleenschnettler/Documents/Documents/Developer/Hammerstone/refine-rails/test/hammerstone/models/conditions/date_condition_test.rb:79:in `block (4 levels) in &lt;module:Conditions&gt;&#39;
    </failure>
  </testcase>
  <testcase time='0.016159' file="test/hammerstone/models/conditions/date_condition_test.rb" name="test_0003_correctly executes clause exactly 3 days ago" assertions='1'>
    <failure type='Minitest::Assertion' message="--- expected&#13;&#10;+++ actual&#13;&#10;@@ -1 +1 @@&#13;&#10;-&quot;SELECT \\&quot;t\\&quot;.* FROM \\&quot;t\\&quot; WHERE (\\&quot;t\\&quot;.\\&quot;date_to_test\\&quot; = &#39;2019-05-12&#39;)&quot;&#13;&#10;+&quot;SELECT `t`.* FROM `t` WHERE (`t`.`date_to_test` = &#39;2019-05-12&#39;)&quot;&#13;&#10;">/Users/colleenschnettler/Documents/Documents/Developer/Hammerstone/refine-rails/test/hammerstone/models/conditions/date_condition_test.rb:87:in `block (4 levels) in &lt;module:Conditions&gt;&#39;
    </failure>
  </testcase>
  <testcase time='0.010050' file="test/hammerstone/models/conditions/date_condition_test.rb" name="test_0001_correctly executes clause greater than 3 days ago" assertions='1'>
    <failure type='Minitest::Assertion' message="--- expected&#13;&#10;+++ actual&#13;&#10;@@ -1 +1 @@&#13;&#10;-&quot;SELECT \\&quot;t\\&quot;.* FROM \\&quot;t\\&quot; WHERE (\\&quot;t\\&quot;.\\&quot;date_to_test\\&quot; &lt; &#39;2019-05-12&#39;)&quot;&#13;&#10;+&quot;SELECT `t`.* FROM `t` WHERE (`t`.`date_to_test` &lt; &#39;2019-05-12&#39;)&quot;&#13;&#10;">/Users/colleenschnettler/Documents/Documents/Developer/Hammerstone/refine-rails/test/hammerstone/models/conditions/date_condition_test.rb:71:in `block (4 levels) in &lt;module:Conditions&gt;&#39;
    </failure>
  </testcase>
  <testcase time='0.013029' file="test/hammerstone/models/conditions/date_condition_test.rb" name="test_0004_correctly executes clause exactly 3 days from now" assertions='1'>
    <failure type='Minitest::Assertion' message="--- expected&#13;&#10;+++ actual&#13;&#10;@@ -1 +1 @@&#13;&#10;-&quot;SELECT \\&quot;t\\&quot;.* FROM \\&quot;t\\&quot; WHERE (\\&quot;t\\&quot;.\\&quot;date_to_test\\&quot; = &#39;2019-05-18&#39;)&quot;&#13;&#10;+&quot;SELECT `t`.* FROM `t` WHERE (`t`.`date_to_test` = &#39;2019-05-18&#39;)&quot;&#13;&#10;">/Users/colleenschnettler/Documents/Documents/Developer/Hammerstone/refine-rails/test/hammerstone/models/conditions/date_condition_test.rb:95:in `block (4 levels) in &lt;module:Conditions&gt;&#39;
    </failure>
  </testcase>
</testsuite>
